\BOOKMARK [1][-]{section*.1}{Contents}{}% 1
\BOOKMARK [1][-]{section.1}{Package reliafree}{}% 2
\BOOKMARK [2][-]{subsection.1.1}{Modules}{section.1}% 3
\BOOKMARK [2][-]{subsection.1.2}{Variables}{section.1}% 4
\BOOKMARK [1][-]{section.2}{Module reliafree.assembly}{}% 5
\BOOKMARK [2][-]{subsection.2.1}{Classes}{section.2}% 6
\BOOKMARK [2][-]{subsection.2.2}{Variables}{section.2}% 7
\BOOKMARK [1][-]{section.3}{Module reliafree.calculations}{}% 8
\BOOKMARK [2][-]{subsection.3.1}{Functions}{section.3}% 9
\BOOKMARK [2][-]{subsection.3.2}{Variables}{section.3}% 10
\BOOKMARK [1][-]{section.4}{Package reliafree.capacitors}{}% 11
\BOOKMARK [2][-]{subsection.4.1}{Modules}{section.4}% 12
\BOOKMARK [2][-]{subsection.4.2}{Variables}{section.4}% 13
\BOOKMARK [1][-]{section.5}{Module reliafree.capacitors.capacitor}{}% 14
\BOOKMARK [2][-]{subsection.5.1}{Classes}{section.5}% 15
\BOOKMARK [2][-]{subsection.5.2}{Variables}{section.5}% 16
\BOOKMARK [1][-]{section.6}{Module reliafree.capacitors.electrolytic}{}% 17
\BOOKMARK [2][-]{subsection.6.1}{Classes}{section.6}% 18
\BOOKMARK [2][-]{subsection.6.2}{Variables}{section.6}% 19
\BOOKMARK [1][-]{section.7}{Module reliafree.capacitors.fixed}{}% 20
\BOOKMARK [2][-]{subsection.7.1}{Classes}{section.7}% 21
\BOOKMARK [2][-]{subsection.7.2}{Variables}{section.7}% 22
\BOOKMARK [1][-]{section.8}{Module reliafree.capacitors.variable}{}% 23
\BOOKMARK [2][-]{subsection.8.1}{Classes}{section.8}% 24
\BOOKMARK [2][-]{subsection.8.2}{Variables}{section.8}% 25
\BOOKMARK [1][-]{section.9}{Module reliafree.component}{}% 26
\BOOKMARK [2][-]{subsection.9.1}{Classes}{section.9}% 27
\BOOKMARK [2][-]{subsection.9.2}{Variables}{section.9}% 28
\BOOKMARK [1][-]{section.10}{Module reliafree.configuration}{}% 29
\BOOKMARK [2][-]{subsection.10.1}{Classes}{section.10}% 30
\BOOKMARK [2][-]{subsection.10.2}{Variables}{section.10}% 31
\BOOKMARK [1][-]{section.11}{Package reliafree.connections}{}% 32
\BOOKMARK [2][-]{subsection.11.1}{Modules}{section.11}% 33
\BOOKMARK [2][-]{subsection.11.2}{Variables}{section.11}% 34
\BOOKMARK [1][-]{section.12}{Module reliafree.connections.connection}{}% 35
\BOOKMARK [2][-]{subsection.12.1}{Classes}{section.12}% 36
\BOOKMARK [2][-]{subsection.12.2}{Variables}{section.12}% 37
\BOOKMARK [1][-]{section.13}{Module reliafree.connections.multipin}{}% 38
\BOOKMARK [2][-]{subsection.13.1}{Classes}{section.13}% 39
\BOOKMARK [2][-]{subsection.13.2}{Variables}{section.13}% 40
\BOOKMARK [1][-]{section.14}{Module reliafree.connections.pcb}{}% 41
\BOOKMARK [2][-]{subsection.14.1}{Classes}{section.14}% 42
\BOOKMARK [2][-]{subsection.14.2}{Variables}{section.14}% 43
\BOOKMARK [1][-]{section.15}{Module reliafree.connections.socket}{}% 44
\BOOKMARK [2][-]{subsection.15.1}{Classes}{section.15}% 45
\BOOKMARK [2][-]{subsection.15.2}{Variables}{section.15}% 46
\BOOKMARK [1][-]{section.16}{Module reliafree.connections.solder}{}% 47
\BOOKMARK [2][-]{subsection.16.1}{Classes}{section.16}% 48
\BOOKMARK [2][-]{subsection.16.2}{Variables}{section.16}% 49
\BOOKMARK [1][-]{section.17}{Module reliafree.function}{}% 50
\BOOKMARK [2][-]{subsection.17.1}{Classes}{section.17}% 51
\BOOKMARK [2][-]{subsection.17.2}{Variables}{section.17}% 52
\BOOKMARK [1][-]{section.18}{Module reliafree.hardware}{}% 53
\BOOKMARK [2][-]{subsection.18.1}{Classes}{section.18}% 54
\BOOKMARK [2][-]{subsection.18.2}{Variables}{section.18}% 55
\BOOKMARK [1][-]{section.19}{Package reliafree.inductors}{}% 56
\BOOKMARK [2][-]{subsection.19.1}{Modules}{section.19}% 57
\BOOKMARK [2][-]{subsection.19.2}{Variables}{section.19}% 58
\BOOKMARK [1][-]{section.20}{Module reliafree.inductors.coil}{}% 59
\BOOKMARK [2][-]{subsection.20.1}{Classes}{section.20}% 60
\BOOKMARK [2][-]{subsection.20.2}{Variables}{section.20}% 61
\BOOKMARK [1][-]{section.21}{Module reliafree.inductors.inductor}{}% 62
\BOOKMARK [2][-]{subsection.21.1}{Classes}{section.21}% 63
\BOOKMARK [2][-]{subsection.21.2}{Variables}{section.21}% 64
\BOOKMARK [1][-]{section.22}{Module reliafree.inductors.transformer}{}% 65
\BOOKMARK [2][-]{subsection.22.1}{Classes}{section.22}% 66
\BOOKMARK [2][-]{subsection.22.2}{Variables}{section.22}% 67
\BOOKMARK [1][-]{section.23}{Package reliafree.integrated\137circuits}{}% 68
\BOOKMARK [2][-]{subsection.23.1}{Modules}{section.23}% 69
\BOOKMARK [2][-]{subsection.23.2}{Variables}{section.23}% 70
\BOOKMARK [1][-]{section.24}{Module reliafree.integrated\137circuits.gaas}{}% 71
\BOOKMARK [2][-]{subsection.24.1}{Classes}{section.24}% 72
\BOOKMARK [2][-]{subsection.24.2}{Variables}{section.24}% 73
\BOOKMARK [1][-]{section.25}{Module reliafree.integrated\137circuits.ic}{}% 74
\BOOKMARK [2][-]{subsection.25.1}{Classes}{section.25}% 75
\BOOKMARK [2][-]{subsection.25.2}{Variables}{section.25}% 76
\BOOKMARK [1][-]{section.26}{Module reliafree.integrated\137circuits.linear}{}% 77
\BOOKMARK [2][-]{subsection.26.1}{Classes}{section.26}% 78
\BOOKMARK [2][-]{subsection.26.2}{Variables}{section.26}% 79
\BOOKMARK [1][-]{section.27}{Module reliafree.integrated\137circuits.logic}{}% 80
\BOOKMARK [2][-]{subsection.27.1}{Classes}{section.27}% 81
\BOOKMARK [2][-]{subsection.27.2}{Variables}{section.27}% 82
\BOOKMARK [1][-]{section.28}{Module reliafree.integrated\137circuits.memory}{}% 83
\BOOKMARK [2][-]{subsection.28.1}{Classes}{section.28}% 84
\BOOKMARK [2][-]{subsection.28.2}{Variables}{section.28}% 85
\BOOKMARK [1][-]{section.29}{Module reliafree.integrated\137circuits.microprocessor}{}% 86
\BOOKMARK [2][-]{subsection.29.1}{Classes}{section.29}% 87
\BOOKMARK [2][-]{subsection.29.2}{Variables}{section.29}% 88
\BOOKMARK [1][-]{section.30}{Module reliafree.integrated\137circuits.palpla}{}% 89
\BOOKMARK [2][-]{subsection.30.1}{Classes}{section.30}% 90
\BOOKMARK [2][-]{subsection.30.2}{Variables}{section.30}% 91
\BOOKMARK [1][-]{section.31}{Module reliafree.integrated\137circuits.vlsi}{}% 92
\BOOKMARK [2][-]{subsection.31.1}{Classes}{section.31}% 93
\BOOKMARK [2][-]{subsection.31.2}{Variables}{section.31}% 94
\BOOKMARK [1][-]{section.32}{Module reliafree.login}{}% 95
\BOOKMARK [2][-]{subsection.32.1}{Classes}{section.32}% 96
\BOOKMARK [2][-]{subsection.32.2}{Variables}{section.32}% 97
\BOOKMARK [1][-]{section.33}{Module reliafree.main}{}% 98
\BOOKMARK [2][-]{subsection.33.1}{Classes}{section.33}% 99
\BOOKMARK [2][-]{subsection.33.2}{Functions}{section.33}% 100
\BOOKMARK [2][-]{subsection.33.3}{Variables}{section.33}% 101
\BOOKMARK [1][-]{section.34}{Package reliafree.meters}{}% 102
\BOOKMARK [2][-]{subsection.34.1}{Modules}{section.34}% 103
\BOOKMARK [2][-]{subsection.34.2}{Variables}{section.34}% 104
\BOOKMARK [1][-]{section.35}{Module reliafree.meters.meter}{}% 105
\BOOKMARK [2][-]{subsection.35.1}{Classes}{section.35}% 106
\BOOKMARK [2][-]{subsection.35.2}{Variables}{section.35}% 107
\BOOKMARK [1][-]{section.36}{Package reliafree.miscellaneous}{}% 108
\BOOKMARK [2][-]{subsection.36.1}{Modules}{section.36}% 109
\BOOKMARK [2][-]{subsection.36.2}{Variables}{section.36}% 110
\BOOKMARK [1][-]{section.37}{Module reliafree.miscellaneous.crystal}{}% 111
\BOOKMARK [2][-]{subsection.37.1}{Classes}{section.37}% 112
\BOOKMARK [2][-]{subsection.37.2}{Variables}{section.37}% 113
\BOOKMARK [1][-]{section.38}{Module reliafree.miscellaneous.filter}{}% 114
\BOOKMARK [2][-]{subsection.38.1}{Classes}{section.38}% 115
\BOOKMARK [2][-]{subsection.38.2}{Variables}{section.38}% 116
\BOOKMARK [1][-]{section.39}{Module reliafree.miscellaneous.fuse}{}% 117
\BOOKMARK [2][-]{subsection.39.1}{Classes}{section.39}% 118
\BOOKMARK [2][-]{subsection.39.2}{Variables}{section.39}% 119
\BOOKMARK [1][-]{section.40}{Module reliafree.miscellaneous.lamp}{}% 120
\BOOKMARK [2][-]{subsection.40.1}{Classes}{section.40}% 121
\BOOKMARK [2][-]{subsection.40.2}{Variables}{section.40}% 122
\BOOKMARK [1][-]{section.41}{Module reliafree.mysql}{}% 123
\BOOKMARK [2][-]{subsection.41.1}{Classes}{section.41}% 124
\BOOKMARK [2][-]{subsection.41.2}{Variables}{section.41}% 125
\BOOKMARK [1][-]{section.42}{Module reliafree.notebook}{}% 126
\BOOKMARK [2][-]{subsection.42.1}{Classes}{section.42}% 127
\BOOKMARK [2][-]{subsection.42.2}{Variables}{section.42}% 128
\BOOKMARK [1][-]{section.43}{Module reliafree.partlist}{}% 129
\BOOKMARK [2][-]{subsection.43.1}{Classes}{section.43}% 130
\BOOKMARK [2][-]{subsection.43.2}{Variables}{section.43}% 131
\BOOKMARK [1][-]{section.44}{Package reliafree.relays}{}% 132
\BOOKMARK [2][-]{subsection.44.1}{Modules}{section.44}% 133
\BOOKMARK [2][-]{subsection.44.2}{Variables}{section.44}% 134
\BOOKMARK [1][-]{section.45}{Module reliafree.relays.relay}{}% 135
\BOOKMARK [2][-]{subsection.45.1}{Classes}{section.45}% 136
\BOOKMARK [2][-]{subsection.45.2}{Variables}{section.45}% 137
\BOOKMARK [1][-]{section.46}{Module reliafree.requirement}{}% 138
\BOOKMARK [2][-]{subsection.46.1}{Classes}{section.46}% 139
\BOOKMARK [2][-]{subsection.46.2}{Variables}{section.46}% 140
\BOOKMARK [1][-]{section.47}{Package reliafree.resistors}{}% 141
\BOOKMARK [2][-]{subsection.47.1}{Modules}{section.47}% 142
\BOOKMARK [2][-]{subsection.47.2}{Variables}{section.47}% 143
\BOOKMARK [1][-]{section.48}{Module reliafree.resistors.fixed}{}% 144
\BOOKMARK [2][-]{subsection.48.1}{Classes}{section.48}% 145
\BOOKMARK [2][-]{subsection.48.2}{Variables}{section.48}% 146
\BOOKMARK [1][-]{section.49}{Module reliafree.resistors.resistor}{}% 147
\BOOKMARK [2][-]{subsection.49.1}{Classes}{section.49}% 148
\BOOKMARK [2][-]{subsection.49.2}{Variables}{section.49}% 149
\BOOKMARK [1][-]{section.50}{Module reliafree.resistors.thermistor}{}% 150
\BOOKMARK [2][-]{subsection.50.1}{Classes}{section.50}% 151
\BOOKMARK [2][-]{subsection.50.2}{Variables}{section.50}% 152
\BOOKMARK [1][-]{section.51}{Module reliafree.resistors.variable}{}% 153
\BOOKMARK [2][-]{subsection.51.1}{Classes}{section.51}% 154
\BOOKMARK [2][-]{subsection.51.2}{Variables}{section.51}% 155
\BOOKMARK [1][-]{section.52}{Module reliafree.revision}{}% 156
\BOOKMARK [2][-]{subsection.52.1}{Classes}{section.52}% 157
\BOOKMARK [2][-]{subsection.52.2}{Variables}{section.52}% 158
\BOOKMARK [1][-]{section.53}{Package reliafree.semiconductors}{}% 159
\BOOKMARK [2][-]{subsection.53.1}{Modules}{section.53}% 160
\BOOKMARK [2][-]{subsection.53.2}{Variables}{section.53}% 161
\BOOKMARK [1][-]{section.54}{Module reliafree.semiconductors.diode}{}% 162
\BOOKMARK [2][-]{subsection.54.1}{Classes}{section.54}% 163
\BOOKMARK [2][-]{subsection.54.2}{Variables}{section.54}% 164
\BOOKMARK [1][-]{section.55}{Module reliafree.semiconductors.optoelectronics}{}% 165
\BOOKMARK [2][-]{subsection.55.1}{Classes}{section.55}% 166
\BOOKMARK [2][-]{subsection.55.2}{Variables}{section.55}% 167
\BOOKMARK [1][-]{section.56}{Module reliafree.semiconductors.semiconductor}{}% 168
\BOOKMARK [2][-]{subsection.56.1}{Classes}{section.56}% 169
\BOOKMARK [2][-]{subsection.56.2}{Variables}{section.56}% 170
\BOOKMARK [1][-]{section.57}{Module reliafree.semiconductors.thyristor}{}% 171
\BOOKMARK [2][-]{subsection.57.1}{Classes}{section.57}% 172
\BOOKMARK [2][-]{subsection.57.2}{Variables}{section.57}% 173
\BOOKMARK [1][-]{section.58}{Module reliafree.semiconductors.transistor}{}% 174
\BOOKMARK [2][-]{subsection.58.1}{Classes}{section.58}% 175
\BOOKMARK [2][-]{subsection.58.2}{Variables}{section.58}% 176
\BOOKMARK [1][-]{section.59}{Package reliafree.switches}{}% 177
\BOOKMARK [2][-]{subsection.59.1}{Modules}{section.59}% 178
\BOOKMARK [2][-]{subsection.59.2}{Variables}{section.59}% 179
\BOOKMARK [1][-]{section.60}{Module reliafree.switches.breaker}{}% 180
\BOOKMARK [2][-]{subsection.60.1}{Classes}{section.60}% 181
\BOOKMARK [2][-]{subsection.60.2}{Variables}{section.60}% 182
\BOOKMARK [1][-]{section.61}{Module reliafree.switches.rotary}{}% 183
\BOOKMARK [2][-]{subsection.61.1}{Classes}{section.61}% 184
\BOOKMARK [2][-]{subsection.61.2}{Variables}{section.61}% 185
\BOOKMARK [1][-]{section.62}{Module reliafree.switches.sensitive}{}% 186
\BOOKMARK [2][-]{subsection.62.1}{Classes}{section.62}% 187
\BOOKMARK [2][-]{subsection.62.2}{Variables}{section.62}% 188
\BOOKMARK [1][-]{section.63}{Module reliafree.switches.switch}{}% 189
\BOOKMARK [2][-]{subsection.63.1}{Classes}{section.63}% 190
\BOOKMARK [2][-]{subsection.63.2}{Variables}{section.63}% 191
\BOOKMARK [1][-]{section.64}{Module reliafree.switches.thumbwheel}{}% 192
\BOOKMARK [2][-]{subsection.64.1}{Classes}{section.64}% 193
\BOOKMARK [2][-]{subsection.64.2}{Variables}{section.64}% 194
\BOOKMARK [1][-]{section.65}{Module reliafree.switches.toggle}{}% 195
\BOOKMARK [2][-]{subsection.65.1}{Classes}{section.65}% 196
\BOOKMARK [2][-]{subsection.65.2}{Variables}{section.65}% 197
\BOOKMARK [1][-]{section.66}{Module reliafree.tree}{}% 198
\BOOKMARK [2][-]{subsection.66.1}{Classes}{section.66}% 199
\BOOKMARK [2][-]{subsection.66.2}{Variables}{section.66}% 200
\BOOKMARK [1][-]{section.67}{Module reliafree.utilities}{}% 201
\BOOKMARK [2][-]{subsection.67.1}{Classes}{section.67}% 202
\BOOKMARK [2][-]{subsection.67.2}{Functions}{section.67}% 203
\BOOKMARK [2][-]{subsection.67.3}{Variables}{section.67}% 204
\BOOKMARK [1][-]{section.68}{Module reliafree.validation}{}% 205
\BOOKMARK [2][-]{subsection.68.1}{Classes}{section.68}% 206
\BOOKMARK [2][-]{subsection.68.2}{Variables}{section.68}% 207
\BOOKMARK [1][-]{section.69}{Module reliafree.widgets}{}% 208
\BOOKMARK [2][-]{subsection.69.1}{Classes}{section.69}% 209
\BOOKMARK [2][-]{subsection.69.2}{Functions}{section.69}% 210
\BOOKMARK [2][-]{subsection.69.3}{Variables}{section.69}% 211
\BOOKMARK [1][-]{section.70}{Class reliafree.assembly.Assembly}{}% 212
\BOOKMARK [2][-]{subsection.70.1}{Methods}{section.70}% 213
\BOOKMARK [2][-]{subsection.70.2}{Class Variables}{section.70}% 214
\BOOKMARK [1][-]{section.71}{Class reliafree.capacitors.capacitor.Capacitor}{}% 215
\BOOKMARK [2][-]{subsection.71.1}{Methods}{section.71}% 216
\BOOKMARK [1][-]{section.72}{Class reliafree.capacitors.electrolytic.Aluminum}{}% 217
\BOOKMARK [2][-]{subsection.72.1}{Methods}{section.72}% 218
\BOOKMARK [1][-]{section.73}{Class reliafree.capacitors.electrolytic.AluminumDry}{}% 219
\BOOKMARK [2][-]{subsection.73.1}{Methods}{section.73}% 220
\BOOKMARK [1][-]{section.74}{Class reliafree.capacitors.electrolytic.TantalumNonSolid}{}% 221
\BOOKMARK [2][-]{subsection.74.1}{Methods}{section.74}% 222
\BOOKMARK [1][-]{section.75}{Class reliafree.capacitors.electrolytic.TantalumSolid}{}% 223
\BOOKMARK [2][-]{subsection.75.1}{Methods}{section.75}% 224
\BOOKMARK [1][-]{section.76}{Class reliafree.capacitors.fixed.CeramicChip}{}% 225
\BOOKMARK [2][-]{subsection.76.1}{Methods}{section.76}% 226
\BOOKMARK [1][-]{section.77}{Class reliafree.capacitors.fixed.CeramicGeneral}{}% 227
\BOOKMARK [2][-]{subsection.77.1}{Methods}{section.77}% 228
\BOOKMARK [1][-]{section.78}{Class reliafree.capacitors.fixed.Glass}{}% 229
\BOOKMARK [2][-]{subsection.78.1}{Methods}{section.78}% 230
\BOOKMARK [1][-]{section.79}{Class reliafree.capacitors.fixed.MetallizedPaper}{}% 231
\BOOKMARK [2][-]{subsection.79.1}{Methods}{section.79}% 232
\BOOKMARK [1][-]{section.80}{Class reliafree.capacitors.fixed.Mica}{}% 233
\BOOKMARK [2][-]{subsection.80.1}{Methods}{section.80}% 234
\BOOKMARK [1][-]{section.81}{Class reliafree.capacitors.fixed.MicaButton}{}% 235
\BOOKMARK [2][-]{subsection.81.1}{Methods}{section.81}% 236
\BOOKMARK [1][-]{section.82}{Class reliafree.capacitors.fixed.PaperBypass}{}% 237
\BOOKMARK [2][-]{subsection.82.1}{Methods}{section.82}% 238
\BOOKMARK [1][-]{section.83}{Class reliafree.capacitors.fixed.PaperFeedthrough}{}% 239
\BOOKMARK [2][-]{subsection.83.1}{Methods}{section.83}% 240
\BOOKMARK [1][-]{section.84}{Class reliafree.capacitors.fixed.Plastic}{}% 241
\BOOKMARK [2][-]{subsection.84.1}{Methods}{section.84}% 242
\BOOKMARK [1][-]{section.85}{Class reliafree.capacitors.fixed.PlasticFilm}{}% 243
\BOOKMARK [2][-]{subsection.85.1}{Methods}{section.85}% 244
\BOOKMARK [1][-]{section.86}{Class reliafree.capacitors.fixed.SuperMetallizedPlastic}{}% 245
\BOOKMARK [2][-]{subsection.86.1}{Methods}{section.86}% 246
\BOOKMARK [1][-]{section.87}{Class reliafree.capacitors.variable.AirTrimmer}{}% 247
\BOOKMARK [2][-]{subsection.87.1}{Methods}{section.87}% 248
\BOOKMARK [1][-]{section.88}{Class reliafree.capacitors.variable.Ceramic}{}% 249
\BOOKMARK [2][-]{subsection.88.1}{Methods}{section.88}% 250
\BOOKMARK [1][-]{section.89}{Class reliafree.capacitors.variable.Gas}{}% 251
\BOOKMARK [2][-]{subsection.89.1}{Methods}{section.89}% 252
\BOOKMARK [1][-]{section.90}{Class reliafree.capacitors.variable.Piston}{}% 253
\BOOKMARK [2][-]{subsection.90.1}{Methods}{section.90}% 254
\BOOKMARK [1][-]{section.91}{Class reliafree.component.Component}{}% 255
\BOOKMARK [2][-]{subsection.91.1}{Methods}{section.91}% 256
\BOOKMARK [2][-]{subsection.91.2}{Class Variables}{section.91}% 257
\BOOKMARK [1][-]{section.92}{Class reliafree.configuration.ReliaFreeConf}{}% 258
\BOOKMARK [2][-]{subsection.92.1}{Methods}{section.92}% 259
\BOOKMARK [1][-]{section.93}{Class reliafree.connections.connection.Connection}{}% 260
\BOOKMARK [2][-]{subsection.93.1}{Methods}{section.93}% 261
\BOOKMARK [1][-]{section.94}{Class reliafree.connections.multipin.Multipin}{}% 262
\BOOKMARK [2][-]{subsection.94.1}{Methods}{section.94}% 263
\BOOKMARK [1][-]{section.95}{Class reliafree.connections.pcb.PCBEdge}{}% 264
\BOOKMARK [2][-]{subsection.95.1}{Methods}{section.95}% 265
\BOOKMARK [1][-]{section.96}{Class reliafree.connections.socket.ICSocket}{}% 266
\BOOKMARK [2][-]{subsection.96.1}{Methods}{section.96}% 267
\BOOKMARK [1][-]{section.97}{Class reliafree.connections.solder.PTH}{}% 268
\BOOKMARK [2][-]{subsection.97.1}{Methods}{section.97}% 269
\BOOKMARK [1][-]{section.98}{Class reliafree.connections.solder.Solder}{}% 270
\BOOKMARK [2][-]{subsection.98.1}{Methods}{section.98}% 271
\BOOKMARK [1][-]{section.99}{Class reliafree.function.Function}{}% 272
\BOOKMARK [2][-]{subsection.99.1}{Methods}{section.99}% 273
\BOOKMARK [1][-]{section.100}{Class reliafree.hardware.Hardware}{}% 274
\BOOKMARK [2][-]{subsection.100.1}{Methods}{section.100}% 275
\BOOKMARK [2][-]{subsection.100.2}{Class Variables}{section.100}% 276
\BOOKMARK [1][-]{section.101}{Class reliafree.inductors.coil.Coil}{}% 277
\BOOKMARK [2][-]{subsection.101.1}{Methods}{section.101}% 278
\BOOKMARK [1][-]{section.102}{Class reliafree.inductors.inductor.Inductor}{}% 279
\BOOKMARK [2][-]{subsection.102.1}{Methods}{section.102}% 280
\BOOKMARK [1][-]{section.103}{Class reliafree.inductors.transformer.Audio}{}% 281
\BOOKMARK [2][-]{subsection.103.1}{Methods}{section.103}% 282
\BOOKMARK [1][-]{section.104}{Class reliafree.inductors.transformer.LowPowerPulse}{}% 283
\BOOKMARK [2][-]{subsection.104.1}{Methods}{section.104}% 284
\BOOKMARK [1][-]{section.105}{Class reliafree.inductors.transformer.Power}{}% 285
\BOOKMARK [2][-]{subsection.105.1}{Methods}{section.105}% 286
\BOOKMARK [1][-]{section.106}{Class reliafree.inductors.transformer.RF}{}% 287
\BOOKMARK [2][-]{subsection.106.1}{Methods}{section.106}% 288
\BOOKMARK [1][-]{section.107}{Class reliafree.integrated\137circuits.gaas.GaAsDigital}{}% 289
\BOOKMARK [2][-]{subsection.107.1}{Methods}{section.107}% 290
\BOOKMARK [1][-]{section.108}{Class reliafree.integrated\137circuits.gaas.GaAsMMIC}{}% 291
\BOOKMARK [2][-]{subsection.108.1}{Methods}{section.108}% 292
\BOOKMARK [1][-]{section.109}{Class reliafree.integrated\137circuits.ic.IntegratedCircuit}{}% 293
\BOOKMARK [2][-]{subsection.109.1}{Methods}{section.109}% 294
\BOOKMARK [1][-]{section.110}{Class reliafree.integrated\137circuits.linear.Linear}{}% 295
\BOOKMARK [2][-]{subsection.110.1}{Methods}{section.110}% 296
\BOOKMARK [1][-]{section.111}{Class reliafree.integrated\137circuits.logic.Logic}{}% 297
\BOOKMARK [2][-]{subsection.111.1}{Methods}{section.111}% 298
\BOOKMARK [1][-]{section.112}{Class reliafree.integrated\137circuits.memory.MemoryDRAM}{}% 299
\BOOKMARK [2][-]{subsection.112.1}{Methods}{section.112}% 300
\BOOKMARK [1][-]{section.113}{Class reliafree.integrated\137circuits.memory.MemoryEEPROM}{}% 301
\BOOKMARK [2][-]{subsection.113.1}{Methods}{section.113}% 302
\BOOKMARK [1][-]{section.114}{Class reliafree.integrated\137circuits.memory.MemoryROM}{}% 303
\BOOKMARK [2][-]{subsection.114.1}{Methods}{section.114}% 304
\BOOKMARK [1][-]{section.115}{Class reliafree.integrated\137circuits.memory.MemorySRAM}{}% 305
\BOOKMARK [2][-]{subsection.115.1}{Methods}{section.115}% 306
\BOOKMARK [1][-]{section.116}{Class reliafree.integrated\137circuits.microprocessor.Microprocessor}{}% 307
\BOOKMARK [2][-]{subsection.116.1}{Methods}{section.116}% 308
\BOOKMARK [1][-]{section.117}{Class reliafree.integrated\137circuits.palpla.PALPLA}{}% 309
\BOOKMARK [2][-]{subsection.117.1}{Methods}{section.117}% 310
\BOOKMARK [1][-]{section.118}{Class reliafree.integrated\137circuits.vlsi.VLSI}{}% 311
\BOOKMARK [2][-]{subsection.118.1}{Methods}{section.118}% 312
\BOOKMARK [1][-]{section.119}{Class reliafree.login.Login}{}% 313
\BOOKMARK [2][-]{subsection.119.1}{Methods}{section.119}% 314
\BOOKMARK [2][-]{subsection.119.2}{Properties}{section.119}% 315
\BOOKMARK [2][-]{subsection.119.3}{Class Variables}{section.119}% 316
\BOOKMARK [1][-]{section.120}{Class reliafree.main.ReliaFree}{}% 317
\BOOKMARK [2][-]{subsection.120.1}{Methods}{section.120}% 318
\BOOKMARK [1][-]{section.121}{Class reliafree.meters.meter.ElapsedTime}{}% 319
\BOOKMARK [2][-]{subsection.121.1}{Methods}{section.121}% 320
\BOOKMARK [1][-]{section.122}{Class reliafree.meters.meter.Panel}{}% 321
\BOOKMARK [2][-]{subsection.122.1}{Methods}{section.122}% 322
\BOOKMARK [1][-]{section.123}{Class reliafree.miscellaneous.crystal.Crystal}{}% 323
\BOOKMARK [2][-]{subsection.123.1}{Methods}{section.123}% 324
\BOOKMARK [1][-]{section.124}{Class reliafree.miscellaneous.filter.Filter}{}% 325
\BOOKMARK [2][-]{subsection.124.1}{Methods}{section.124}% 326
\BOOKMARK [1][-]{section.125}{Class reliafree.miscellaneous.fuse.Fuse}{}% 327
\BOOKMARK [2][-]{subsection.125.1}{Methods}{section.125}% 328
\BOOKMARK [1][-]{section.126}{Class reliafree.miscellaneous.lamp.Lamp}{}% 329
\BOOKMARK [2][-]{subsection.126.1}{Methods}{section.126}% 330
\BOOKMARK [1][-]{section.127}{Class reliafree.mysql.MySQLInterface}{}% 331
\BOOKMARK [2][-]{subsection.127.1}{Methods}{section.127}% 332
\BOOKMARK [1][-]{section.128}{Class reliafree.notebook.WorkBookWindow}{}% 333
\BOOKMARK [2][-]{subsection.128.1}{Methods}{section.128}% 334
\BOOKMARK [2][-]{subsection.128.2}{Properties}{section.128}% 335
\BOOKMARK [2][-]{subsection.128.3}{Class Variables}{section.128}% 336
\BOOKMARK [1][-]{section.129}{Class reliafree.partlist.PartsListWindow}{}% 337
\BOOKMARK [2][-]{subsection.129.1}{Methods}{section.129}% 338
\BOOKMARK [2][-]{subsection.129.2}{Properties}{section.129}% 339
\BOOKMARK [2][-]{subsection.129.3}{Class Variables}{section.129}% 340
\BOOKMARK [1][-]{section.130}{Class reliafree.relays.relay.Mechanical}{}% 341
\BOOKMARK [2][-]{subsection.130.1}{Methods}{section.130}% 342
\BOOKMARK [1][-]{section.131}{Class reliafree.relays.relay.SolidState}{}% 343
\BOOKMARK [2][-]{subsection.131.1}{Methods}{section.131}% 344
\BOOKMARK [1][-]{section.132}{Class reliafree.requirement.Requirement}{}% 345
\BOOKMARK [2][-]{subsection.132.1}{Methods}{section.132}% 346
\BOOKMARK [2][-]{subsection.132.2}{Class Variables}{section.132}% 347
\BOOKMARK [1][-]{section.133}{Class reliafree.resistors.fixed.Composition}{}% 348
\BOOKMARK [2][-]{subsection.133.1}{Methods}{section.133}% 349
\BOOKMARK [1][-]{section.134}{Class reliafree.resistors.fixed.Film}{}% 350
\BOOKMARK [2][-]{subsection.134.1}{Methods}{section.134}% 351
\BOOKMARK [1][-]{section.135}{Class reliafree.resistors.fixed.FilmNetwork}{}% 352
\BOOKMARK [2][-]{subsection.135.1}{Methods}{section.135}% 353
\BOOKMARK [1][-]{section.136}{Class reliafree.resistors.fixed.FilmPower}{}% 354
\BOOKMARK [2][-]{subsection.136.1}{Methods}{section.136}% 355
\BOOKMARK [1][-]{section.137}{Class reliafree.resistors.fixed.Wirewound}{}% 356
\BOOKMARK [2][-]{subsection.137.1}{Methods}{section.137}% 357
\BOOKMARK [1][-]{section.138}{Class reliafree.resistors.fixed.WirewoundPower}{}% 358
\BOOKMARK [2][-]{subsection.138.1}{Methods}{section.138}% 359
\BOOKMARK [1][-]{section.139}{Class reliafree.resistors.fixed.WirewoundPowerChassis}{}% 360
\BOOKMARK [2][-]{subsection.139.1}{Methods}{section.139}% 361
\BOOKMARK [1][-]{section.140}{Class reliafree.resistors.resistor.Resistor}{}% 362
\BOOKMARK [2][-]{subsection.140.1}{Methods}{section.140}% 363
\BOOKMARK [1][-]{section.141}{Class reliafree.resistors.thermistor.Thermistor}{}% 364
\BOOKMARK [2][-]{subsection.141.1}{Methods}{section.141}% 365
\BOOKMARK [1][-]{section.142}{Class reliafree.resistors.variable.Composition}{}% 366
\BOOKMARK [2][-]{subsection.142.1}{Methods}{section.142}% 367
\BOOKMARK [1][-]{section.143}{Class reliafree.resistors.variable.NonWirewound}{}% 368
\BOOKMARK [2][-]{subsection.143.1}{Methods}{section.143}% 369
\BOOKMARK [1][-]{section.144}{Class reliafree.resistors.variable.VarFilm}{}% 370
\BOOKMARK [2][-]{subsection.144.1}{Methods}{section.144}% 371
\BOOKMARK [1][-]{section.145}{Class reliafree.resistors.variable.VarWirewound}{}% 372
\BOOKMARK [2][-]{subsection.145.1}{Methods}{section.145}% 373
\BOOKMARK [1][-]{section.146}{Class reliafree.resistors.variable.VarWirewoundPower}{}% 374
\BOOKMARK [2][-]{subsection.146.1}{Methods}{section.146}% 375
\BOOKMARK [1][-]{section.147}{Class reliafree.resistors.variable.WirewoundPrecision}{}% 376
\BOOKMARK [2][-]{subsection.147.1}{Methods}{section.147}% 377
\BOOKMARK [1][-]{section.148}{Class reliafree.resistors.variable.WirewoundSemiPrecision}{}% 378
\BOOKMARK [2][-]{subsection.148.1}{Methods}{section.148}% 379
\BOOKMARK [1][-]{section.149}{Class reliafree.revision.Revision}{}% 380
\BOOKMARK [2][-]{subsection.149.1}{Methods}{section.149}% 381
\BOOKMARK [1][-]{section.150}{Class reliafree.semiconductors.diode.HighFrequency}{}% 382
\BOOKMARK [2][-]{subsection.150.1}{Methods}{section.150}% 383
\BOOKMARK [1][-]{section.151}{Class reliafree.semiconductors.diode.LowFrequency}{}% 384
\BOOKMARK [2][-]{subsection.151.1}{Methods}{section.151}% 385
\BOOKMARK [1][-]{section.152}{Class reliafree.semiconductors.optoelectronics.Detector}{}% 386
\BOOKMARK [2][-]{subsection.152.1}{Methods}{section.152}% 387
\BOOKMARK [1][-]{section.153}{Class reliafree.semiconductors.optoelectronics.Display}{}% 388
\BOOKMARK [2][-]{subsection.153.1}{Methods}{section.153}% 389
\BOOKMARK [1][-]{section.154}{Class reliafree.semiconductors.optoelectronics.LaserDiode}{}% 390
\BOOKMARK [2][-]{subsection.154.1}{Methods}{section.154}% 391
\BOOKMARK [1][-]{section.155}{Class reliafree.semiconductors.semiconductor.Semiconductor}{}% 392
\BOOKMARK [2][-]{subsection.155.1}{Methods}{section.155}% 393
\BOOKMARK [1][-]{section.156}{Class reliafree.semiconductors.thyristor.Thyristor}{}% 394
\BOOKMARK [2][-]{subsection.156.1}{Methods}{section.156}% 395
\BOOKMARK [1][-]{section.157}{Class reliafree.semiconductors.transistor.HFGaAsFET}{}% 396
\BOOKMARK [2][-]{subsection.157.1}{Methods}{section.157}% 397
\BOOKMARK [1][-]{section.158}{Class reliafree.semiconductors.transistor.HFHPBipolar}{}% 398
\BOOKMARK [2][-]{subsection.158.1}{Methods}{section.158}% 399
\BOOKMARK [1][-]{section.159}{Class reliafree.semiconductors.transistor.HFLNBipolar}{}% 400
\BOOKMARK [2][-]{subsection.159.1}{Methods}{section.159}% 401
\BOOKMARK [1][-]{section.160}{Class reliafree.semiconductors.transistor.HFSiFET}{}% 402
\BOOKMARK [2][-]{subsection.160.1}{Methods}{section.160}% 403
\BOOKMARK [1][-]{section.161}{Class reliafree.semiconductors.transistor.LFBipolar}{}% 404
\BOOKMARK [2][-]{subsection.161.1}{Methods}{section.161}% 405
\BOOKMARK [1][-]{section.162}{Class reliafree.semiconductors.transistor.LFSiFET}{}% 406
\BOOKMARK [2][-]{subsection.162.1}{Methods}{section.162}% 407
\BOOKMARK [1][-]{section.163}{Class reliafree.semiconductors.transistor.Unijunction}{}% 408
\BOOKMARK [2][-]{subsection.163.1}{Methods}{section.163}% 409
\BOOKMARK [1][-]{section.164}{Class reliafree.switches.breaker.Breaker}{}% 410
\BOOKMARK [2][-]{subsection.164.1}{Methods}{section.164}% 411
\BOOKMARK [1][-]{section.165}{Class reliafree.switches.rotary.Rotary}{}% 412
\BOOKMARK [2][-]{subsection.165.1}{Methods}{section.165}% 413
\BOOKMARK [1][-]{section.166}{Class reliafree.switches.sensitive.Sensitive}{}% 414
\BOOKMARK [2][-]{subsection.166.1}{Methods}{section.166}% 415
\BOOKMARK [1][-]{section.167}{Class reliafree.switches.switch.Switch}{}% 416
\BOOKMARK [2][-]{subsection.167.1}{Methods}{section.167}% 417
\BOOKMARK [1][-]{section.168}{Class reliafree.switches.thumbwheel.Thumbwheel}{}% 418
\BOOKMARK [2][-]{subsection.168.1}{Methods}{section.168}% 419
\BOOKMARK [1][-]{section.169}{Class reliafree.switches.toggle.Toggle}{}% 420
\BOOKMARK [2][-]{subsection.169.1}{Methods}{section.169}% 421
\BOOKMARK [1][-]{section.170}{Class reliafree.tree.TreeWindow}{}% 422
\BOOKMARK [2][-]{subsection.170.1}{Methods}{section.170}% 423
\BOOKMARK [2][-]{subsection.170.2}{Properties}{section.170}% 424
\BOOKMARK [2][-]{subsection.170.3}{Class Variables}{section.170}% 425
\BOOKMARK [1][-]{section.171}{Class reliafree.utilities.Options}{}% 426
\BOOKMARK [2][-]{subsection.171.1}{Methods}{section.171}% 427
\BOOKMARK [1][-]{section.172}{Class reliafree.validation.Validation}{}% 428
\BOOKMARK [2][-]{subsection.172.1}{Methods}{section.172}% 429
\BOOKMARK [2][-]{subsection.172.2}{Class Variables}{section.172}% 430
\BOOKMARK [1][-]{section.173}{Class reliafree.widgets.Assistant}{}% 431
\BOOKMARK [2][-]{subsection.173.1}{Methods}{section.173}% 432
\BOOKMARK [1][-]{section*.2}{Index}{}% 433
